# JRE version: Java(TM) SE Runtime Environment (8.0_351-b10) (build 1.8.0_351-b10)
# Java VM: Java HotSpot(TM) 64-Bit Server VM (25.351-b10 mixed mode windows-amd64 compressed oops)
Heap:
 PSYoungGen      total 171520K, used 54433K [0x000000076b600000, 0x0000000779d00000, 0x00000007c0000000)
  eden space 161280K, 27% used [0x000000076b600000,0x000000076e12e340,0x0000000775380000)
  from space 10240K, 99% used [0x0000000775380000,0x0000000775d7a180,0x0000000775d80000)
  to   space 14336K, 0% used [0x0000000778f00000,0x0000000778f00000,0x0000000779d00000)
 ParOldGen       total 148992K, used 33218K [0x00000006c2200000, 0x00000006cb380000, 0x000000076b600000)
  object space 148992K, 22% used [0x00000006c2200000,0x00000006c4270a48,0x00000006cb380000)
 Metaspace       used 53999K, capacity 58007K, committed 58112K, reserved 1099776K
  class space    used 7133K, capacity 7866K, committed 7936K, reserved 1048576K
GC Heap History (10 events):
Event: 4.578 GC heap before
{Heap before GC invocations=7 (full 1):
 PSYoungGen      total 75776K, used 71425K [0x000000076b600000, 0x0000000772b00000, 0x00000007c0000000)
  eden space 65024K, 100% used [0x000000076b600000,0x000000076f580000,0x000000076f580000)
  from space 10752K, 59% used [0x000000076f580000,0x000000076fbc0558,0x0000000770000000)
  to   space 9216K, 0% used [0x0000000772200000,0x0000000772200000,0x0000000772b00000)
 ParOldGen       total 100352K, used 7671K [0x00000006c2200000, 0x00000006c8400000, 0x000000076b600000)
  object space 100352K, 7% used [0x00000006c2200000,0x00000006c297de58,0x00000006c8400000)
 Metaspace       used 31339K, capacity 33178K, committed 33280K, reserved 1079296K
  class space    used 3985K, capacity 4331K, committed 4352K, reserved 1048576K
Event: 4.583 GC heap after
Heap after GC invocations=7 (full 1):
 PSYoungGen      total 110080K, used 8265K [0x000000076b600000, 0x0000000772c00000, 0x00000007c0000000)
  eden space 100864K, 0% used [0x000000076b600000,0x000000076b600000,0x0000000771880000)
  from space 9216K, 89% used [0x0000000772200000,0x0000000772a12528,0x0000000772b00000)
  to   space 9728K, 0% used [0x0000000771880000,0x0000000771880000,0x0000000772200000)
 ParOldGen       total 100352K, used 7679K [0x00000006c2200000, 0x00000006c8400000, 0x000000076b600000)
  object space 100352K, 7% used [0x00000006c2200000,0x00000006c297fe58,0x00000006c8400000)
 Metaspace       used 31339K, capacity 33178K, committed 33280K, reserved 1079296K
  class space    used 3985K, capacity 4331K, committed 4352K, reserved 1048576K
}
Event: 5.009 GC heap before
{Heap before GC invocations=8 (full 1):
 PSYoungGen      total 110080K, used 44928K [0x000000076b600000, 0x0000000772c00000, 0x00000007c0000000)
  eden space 100864K, 36% used [0x000000076b600000,0x000000076d9cdbf8,0x0000000771880000)
  from space 9216K, 89% used [0x0000000772200000,0x0000000772a12528,0x0000000772b00000)
  to   space 9728K, 0% used [0x0000000771880000,0x0000000771880000,0x0000000772200000)
 ParOldGen       total 100352K, used 7679K [0x00000006c2200000, 0x00000006c8400000, 0x000000076b600000)
  object space 100352K, 7% used [0x00000006c2200000,0x00000006c297fe58,0x00000006c8400000)
 Metaspace       used 33355K, capacity 35349K, committed 35416K, reserved 1079296K
  class space    used 4276K, capacity 4669K, committed 4736K, reserved 1048576K
Event: 5.017 GC heap after
Heap after GC invocations=8 (full 1):
 PSYoungGen      total 110592K, used 8713K [0x000000076b600000, 0x0000000776980000, 0x00000007c0000000)
  eden space 100864K, 0% used [0x000000076b600000,0x000000076b600000,0x0000000771880000)
  from space 9728K, 89% used [0x0000000771880000,0x0000000772102500,0x0000000772200000)
  to   space 10240K, 0% used [0x0000000775f80000,0x0000000775f80000,0x0000000776980000)
 ParOldGen       total 100352K, used 7687K [0x00000006c2200000, 0x00000006c8400000, 0x000000076b600000)
  object space 100352K, 7% used [0x00000006c2200000,0x00000006c2981e58,0x00000006c8400000)
 Metaspace       used 33355K, capacity 35349K, committed 35416K, reserved 1079296K
  class space    used 4276K, capacity 4669K, committed 4736K, reserved 1048576K
}
Event: 5.017 GC heap before
{Heap before GC invocations=9 (full 2):
 PSYoungGen      total 110592K, used 8713K [0x000000076b600000, 0x0000000776980000, 0x00000007c0000000)
  eden space 100864K, 0% used [0x000000076b600000,0x000000076b600000,0x0000000771880000)
  from space 9728K, 89% used [0x0000000771880000,0x0000000772102500,0x0000000772200000)
  to   space 10240K, 0% used [0x0000000775f80000,0x0000000775f80000,0x0000000776980000)
 ParOldGen       total 100352K, used 7687K [0x00000006c2200000, 0x00000006c8400000, 0x000000076b600000)
  object space 100352K, 7% used [0x00000006c2200000,0x00000006c2981e58,0x00000006c8400000)
 Metaspace       used 33355K, capacity 35349K, committed 35416K, reserved 1079296K
  class space    used 4276K, capacity 4669K, committed 4736K, reserved 1048576K
Event: 5.042 GC heap after
Heap after GC invocations=9 (full 2):
 PSYoungGen      total 110592K, used 0K [0x000000076b600000, 0x0000000776980000, 0x00000007c0000000)
  eden space 100864K, 0% used [0x000000076b600000,0x000000076b600000,0x0000000771880000)
  from space 9728K, 0% used [0x0000000771880000,0x0000000771880000,0x0000000772200000)
  to   space 10240K, 0% used [0x0000000775f80000,0x0000000775f80000,0x0000000776980000)
 ParOldGen       total 148992K, used 13168K [0x00000006c2200000, 0x00000006cb380000, 0x000000076b600000)
  object space 148992K, 8% used [0x00000006c2200000,0x00000006c2edc298,0x00000006cb380000)
 Metaspace       used 33355K, capacity 35349K, committed 35416K, reserved 1079296K
  class space    used 4276K, capacity 4669K, committed 4736K, reserved 1048576K
}
Event: 6.128 GC heap before
{Heap before GC invocations=10 (full 2):
 PSYoungGen      total 110592K, used 100864K [0x000000076b600000, 0x0000000776980000, 0x00000007c0000000)
  eden space 100864K, 100% used [0x000000076b600000,0x0000000771880000,0x0000000771880000)
  from space 9728K, 0% used [0x0000000771880000,0x0000000771880000,0x0000000772200000)
  to   space 10240K, 0% used [0x0000000775f80000,0x0000000775f80000,0x0000000776980000)
 ParOldGen       total 148992K, used 13168K [0x00000006c2200000, 0x00000006cb380000, 0x000000076b600000)
  object space 148992K, 8% used [0x00000006c2200000,0x00000006c2edc298,0x00000006cb380000)
 Metaspace       used 38928K, capacity 41149K, committed 41344K, reserved 1085440K
  class space    used 4990K, capacity 5407K, committed 5504K, reserved 1048576K
Event: 6.145 GC heap after
Heap after GC invocations=10 (full 2):
 PSYoungGen      total 165888K, used 7825K [0x000000076b600000, 0x0000000776780000, 0x00000007c0000000)
  eden space 157696K, 0% used [0x000000076b600000,0x000000076b600000,0x0000000775000000)
  from space 8192K, 95% used [0x0000000775f80000,0x0000000776724578,0x0000000776780000)
  to   space 10240K, 0% used [0x0000000775380000,0x0000000775380000,0x0000000775d80000)
 ParOldGen       total 148992K, used 24877K [0x00000006c2200000, 0x00000006cb380000, 0x000000076b600000)
  object space 148992K, 16% used [0x00000006c2200000,0x00000006c3a4b4b8,0x00000006cb380000)
 Metaspace       used 38928K, capacity 41149K, committed 41344K, reserved 1085440K
  class space    used 4990K, capacity 5407K, committed 5504K, reserved 1048576K
}
Event: 8.451 GC heap before
{Heap before GC invocations=11 (full 2):
 PSYoungGen      total 165888K, used 165521K [0x000000076b600000, 0x0000000776780000, 0x00000007c0000000)
  eden space 157696K, 100% used [0x000000076b600000,0x0000000775000000,0x0000000775000000)
  from space 8192K, 95% used [0x0000000775f80000,0x0000000776724578,0x0000000776780000)
  to   space 10240K, 0% used [0x0000000775380000,0x0000000775380000,0x0000000775d80000)
 ParOldGen       total 148992K, used 24877K [0x00000006c2200000, 0x00000006cb380000, 0x000000076b600000)
  object space 148992K, 16% used [0x00000006c2200000,0x00000006c3a4b4b8,0x00000006cb380000)
 Metaspace       used 52108K, capacity 56075K, committed 56320K, reserved 1097728K
  class space    used 6841K, capacity 7570K, committed 7680K, reserved 1048576K
Event: 8.464 GC heap after
Heap after GC invocations=11 (full 2):
 PSYoungGen      total 171520K, used 10216K [0x000000076b600000, 0x0000000779d00000, 0x00000007c0000000)
  eden space 161280K, 0% used [0x000000076b600000,0x000000076b600000,0x0000000775380000)
  from space 10240K, 99% used [0x0000000775380000,0x0000000775d7a180,0x0000000775d80000)
  to   space 14336K, 0% used [0x0000000778f00000,0x0000000778f00000,0x0000000779d00000)
 ParOldGen       total 148992K, used 33218K [0x00000006c2200000, 0x00000006cb380000, 0x000000076b600000)
  object space 148992K, 22% used [0x00000006c2200000,0x00000006c4270a48,0x00000006cb380000)
 Metaspace       used 52108K, capacity 56075K, committed 56320K, reserved 1097728K
  class space    used 6841K, capacity 7570K, committed 7680K, reserved 1048576K
}

